<?xml version="1.0" encoding="UTF-8"?>
<testng-results skipped="0" failed="0" ignored="0" total="2" passed="2">
  <reporter-output>
  </reporter-output>
  <suite name="Suite" duration-ms="13120" started-at="2019-04-04T23:21:02Z" finished-at="2019-04-04T23:21:15Z">
    <groups>
    </groups>
    <test name="Test" duration-ms="13120" started-at="2019-04-04T23:21:02Z" finished-at="2019-04-04T23:21:15Z">
      <class name="Tests.LoginTest">
        <test-method status="PASS" signature="Start()[pri:0, instance:Tests.LoginTest@35fb3008]" name="Start" is-config="true" duration-ms="10264" started-at="2019-04-04T23:21:02Z" finished-at="2019-04-04T23:21:12Z">
          <reporter-output>
          </reporter-output>
        </test-method> <!-- Start -->
        <test-method status="PASS" signature="homeTest()[pri:0, instance:Tests.LoginTest@35fb3008]" name="homeTest" duration-ms="24" started-at="2019-04-04T23:21:12Z" finished-at="2019-04-04T23:21:12Z">
          <reporter-output>
          </reporter-output>
        </test-method> <!-- homeTest -->
        <test-method status="PASS" signature="setTestResult(org.testng.ITestResult)[pri:0, instance:Tests.LoginTest@35fb3008]" name="setTestResult" is-config="true" duration-ms="7" started-at="2019-04-04T23:21:12Z" finished-at="2019-04-04T23:21:12Z">
          <params>
            <param index="0">
              <value>
                <![CDATA[[TestResult name=homeTest status=SUCCESS method=LoginTest.homeTest()[pri:0, instance:Tests.LoginTest@35fb3008] output={null}]]]>
              </value>
            </param>
          </params>
          <reporter-output>
          </reporter-output>
        </test-method> <!-- setTestResult -->
        <test-method status="PASS" signature="login()[pri:0, instance:Tests.LoginTest@35fb3008]" name="login" duration-ms="1295" started-at="2019-04-04T23:21:12Z" finished-at="2019-04-04T23:21:14Z">
          <reporter-output>
          </reporter-output>
        </test-method> <!-- login -->
        <test-method status="PASS" signature="setTestResult(org.testng.ITestResult)[pri:0, instance:Tests.LoginTest@35fb3008]" name="setTestResult" is-config="true" duration-ms="1" started-at="2019-04-04T23:21:14Z" finished-at="2019-04-04T23:21:14Z">
          <params>
            <param index="0">
              <value>
                <![CDATA[[TestResult name=login status=SUCCESS method=LoginTest.login()[pri:0, instance:Tests.LoginTest@35fb3008] output={null}]]]>
              </value>
            </param>
          </params>
          <reporter-output>
          </reporter-output>
        </test-method> <!-- setTestResult -->
        <test-method status="PASS" signature="Close()[pri:0, instance:Tests.LoginTest@35fb3008]" name="Close" is-config="true" duration-ms="1477" started-at="2019-04-04T23:21:14Z" finished-at="2019-04-04T23:21:15Z">
          <reporter-output>
          </reporter-output>
        </test-method> <!-- Close -->
      </class> <!-- Tests.LoginTest -->
    </test> <!-- Test -->
  </suite> <!-- Suite -->
</testng-results>
